#
# A fatal error has been detected by the Java Runtime Environment:
#
#  EXCEPTION_ACCESS_VIOLATION (0xc0000005) at pc=0x1000143e, pid=2764, tid=2484
#
# JRE version: 7.0_02-b13
# Java VM: Java HotSpot(TM) Client VM (22.0-b10 mixed mode, sharing windows-x86 )
# Problematic frame:
# C  [ExampleAIClient.dll+0x143e]
#
# Failed to write core dump. Minidumps are not enabled by default on client versions of Windows
#
# If you would like to submit a bug report, please visit:
#   http://bugreport.sun.com/bugreport/crash.jsp
# The crash happened outside the Java Virtual Machine in native code.
# See problematic frame for where to report the bug.
#

---------------  T H R E A D  ---------------

Current thread (0x003c6c00):  JavaThread "main" [_thread_in_native, id=2484, stack(0x00900000,0x00950000)]

siginfo: ExceptionCode=0xc0000005, reading address 0x00000000

Registers:
EAX=0x00000001, EBX=0x02bd6db0, ECX=0x00000000, EDX=0x7c90e514
ESP=0x0094fc20, EBP=0x0094fc48, ESI=0x7c802446, EDI=0x02bdaa18
EIP=0x1000143e, EFLAGS=0x00010202

Top of Stack: (sp=0x0094fc20)
0x0094fc20:   003c6c00 32a0ccb0 32a0ccb0 02bd6dc0
0x0094fc30:   02bd6db4 02bd6db8 02bd6dc4 02bd6dbc
0x0094fc40:   0097a4b7 003c6c00 0094fc88 0097a5b7
0x0094fc50:   003c6d28 0094fc9c 0094fc98 00972888
0x0094fc60:   003c7404 003c7404 0094fc68 32a0ccb0
0x0094fc70:   0094fc9c 32a138b8 00000000 32a0ccb0
0x0094fc80:   00000000 0094fc98 0094fcc0 00973187
0x0094fc90:   00000000 00978849 22a39d20 22a39d20 

Instructions: (pc=0x1000143e)
0x1000141e:   ec 7d 1c 10 8b 11 8b 82 1c 01 00 00 83 c4 0c ff
0x1000142e:   d0 84 c0 75 19 e8 d8 1d 01 00 8b 0d ec 7d 1c 10
0x1000143e:   8b 11 8b 82 1c 01 00 00 ff d0 84 c0 74 e7 a1 e0
0x1000144e:   7c 1c 10 8b 08 8b 91 9c 02 00 00 68 18 b6 14 10 


Register to memory mapping:

EAX=0x00000001 is an unknown value
EBX=0x02bd6db0 is a weak global jni handle
ECX=0x00000000 is an unknown value
EDX=0x7c90e514 is an unknown value
ESP=0x0094fc20 is pointing into the stack for thread: 0x003c6c00
EBP=0x0094fc48 is pointing into the stack for thread: 0x003c6c00
ESI=0x7c802446 is an unknown value
EDI=0x02bdaa18 is an unknown value


Stack: [0x00900000,0x00950000],  sp=0x0094fc20,  free space=319k
Native frames: (J=compiled Java code, j=interpreted, Vv=VM code, C=native code)
C  [ExampleAIClient.dll+0x143e]  Java_eisbot_proxy_JNIBWAPI_startClient+0x1de
j  eisbot.proxy.JNIBWAPI.startClient(Leisbot/proxy/JNIBWAPI;)V+0
j  eisbot.proxy.JNIBWAPI.start()V+2
j  eisbot.proxy.ExampleAIClient.<init>()V+46
j  eisbot.proxy.ExampleAIClient.main([Ljava/lang/String;)V+3
v  ~StubRoutines::call_stub
V  [jvm.dll+0x123c0a]
V  [jvm.dll+0x1c9e8e]
V  [jvm.dll+0x123c8d]
V  [jvm.dll+0xa92d4]
V  [jvm.dll+0xb3657]
C  [javaw.exe+0x1fe5]
C  [javaw.exe+0xa0cb]
C  [javaw.exe+0xa155]
C  [kernel32.dll+0xb729]  GetModuleFileNameA+0x1ba

Java frames: (J=compiled Java code, j=interpreted, Vv=VM code)
j  eisbot.proxy.JNIBWAPI.startClient(Leisbot/proxy/JNIBWAPI;)V+0
j  eisbot.proxy.JNIBWAPI.start()V+2
j  eisbot.proxy.ExampleAIClient.<init>()V+46
j  eisbot.proxy.ExampleAIClient.main([Ljava/lang/String;)V+3
v  ~StubRoutines::call_stub

---------------  P R O C E S S  ---------------

Java Threads: ( => current thread )
  0x02bf6000 JavaThread "Service Thread" daemon [_thread_blocked, id=2356, stack(0x02e30000,0x02e80000)]
  0x02bf1000 JavaThread "C1 CompilerThread0" daemon [_thread_blocked, id=1244, stack(0x02de0000,0x02e30000)]
  0x02bef400 JavaThread "Attach Listener" daemon [_thread_blocked, id=3896, stack(0x02d90000,0x02de0000)]
  0x02bee000 JavaThread "Signal Dispatcher" daemon [_thread_blocked, id=2684, stack(0x02d40000,0x02d90000)]
  0x02bdc800 JavaThread "Finalizer" daemon [_thread_blocked, id=3632, stack(0x02cf0000,0x02d40000)]
  0x02bdb000 JavaThread "Reference Handler" daemon [_thread_blocked, id=3596, stack(0x02ca0000,0x02cf0000)]
=>0x003c6c00 JavaThread "main" [_thread_in_native, id=2484, stack(0x00900000,0x00950000)]

Other Threads:
  0x02bd9800 VMThread [stack: 0x02c50000,0x02ca0000] [id=2500]
  0x02c01c00 WatcherThread [stack: 0x02e80000,0x02ed0000] [id=3640]

VM state:not at safepoint (normal execution)

VM Mutex/Monitor currently owned by a thread: None

Heap
 def new generation   total 4928K, used 642K [0x229f0000, 0x22f40000, 0x27f40000)
  eden space 4416K,  14% used [0x229f0000, 0x22a90be0, 0x22e40000)
  from space 512K,   0% used [0x22e40000, 0x22e40000, 0x22ec0000)
  to   space 512K,   0% used [0x22ec0000, 0x22ec0000, 0x22f40000)
 tenured generation   total 10944K, used 0K [0x27f40000, 0x289f0000, 0x329f0000)
   the space 10944K,   0% used [0x27f40000, 0x27f40000, 0x27f40200, 0x289f0000)
 compacting perm gen  total 12288K, used 182K [0x329f0000, 0x335f0000, 0x369f0000)
   the space 12288K,   1% used [0x329f0000, 0x32a1d880, 0x32a1da00, 0x335f0000)
    ro space 10240K,  42% used [0x369f0000, 0x36e2d448, 0x36e2d600, 0x373f0000)
    rw space 12288K,  54% used [0x373f0000, 0x37a6e0c0, 0x37a6e200, 0x37ff0000)

Code Cache  [0x00970000, 0x00a08000, 0x02970000)
 total_blobs=136 nmethods=9 adapters=64 free_code_cache=32184Kb largest_free_block=32956416

Dynamic libraries:
0x00400000 - 0x0042f000 	C:\Program Files\Java\jre7\bin\javaw.exe
0x7c900000 - 0x7c9b2000 	C:\WINDOWS\system32\ntdll.dll
0x7c800000 - 0x7c8f6000 	C:\WINDOWS\system32\kernel32.dll
0x77dd0000 - 0x77e6b000 	C:\WINDOWS\system32\ADVAPI32.dll
0x77e70000 - 0x77f03000 	C:\WINDOWS\system32\RPCRT4.dll
0x77fe0000 - 0x77ff1000 	C:\WINDOWS\system32\Secur32.dll
0x7e410000 - 0x7e4a1000 	C:\WINDOWS\system32\USER32.dll
0x77f10000 - 0x77f59000 	C:\WINDOWS\system32\GDI32.dll
0x773d0000 - 0x774d3000 	C:\WINDOWS\WinSxS\x86_Microsoft.Windows.Common-Controls_6595b64144ccf1df_6.0.2600.6028_x-ww_61e65202\COMCTL32.dll
0x77c10000 - 0x77c68000 	C:\WINDOWS\system32\msvcrt.dll
0x77f60000 - 0x77fd6000 	C:\WINDOWS\system32\SHLWAPI.dll
0x76390000 - 0x763ad000 	C:\WINDOWS\system32\IMM32.DLL
0x78aa0000 - 0x78b5e000 	C:\Program Files\Java\jre7\bin\msvcr100.dll
0x6d830000 - 0x6db58000 	C:\Program Files\Java\jre7\bin\client\jvm.dll
0x71ad0000 - 0x71ad9000 	C:\WINDOWS\system32\WSOCK32.dll
0x71ab0000 - 0x71ac7000 	C:\WINDOWS\system32\WS2_32.dll
0x71aa0000 - 0x71aa8000 	C:\WINDOWS\system32\WS2HELP.dll
0x76b40000 - 0x76b6d000 	C:\WINDOWS\system32\WINMM.dll
0x76bf0000 - 0x76bfb000 	C:\WINDOWS\system32\PSAPI.DLL
0x6d7c0000 - 0x6d7cc000 	C:\Program Files\Java\jre7\bin\verify.dll
0x6d2f0000 - 0x6d310000 	C:\Program Files\Java\jre7\bin\java.dll
0x6d810000 - 0x6d823000 	C:\Program Files\Java\jre7\bin\zip.dll
0x10000000 - 0x101e1000 	C:\WINDOWS\ExampleAIClient.dll
0x02ee0000 - 0x02f0b000 	C:\WINDOWS\gmp-vc90-mt.dll
0x78520000 - 0x785c3000 	C:\WINDOWS\WinSxS\x86_Microsoft.VC90.CRT_1fc8b3b9a1e18e3b_9.0.21022.8_x-ww_d08d0375\MSVCR90.dll
0x78480000 - 0x7850d000 	C:\WINDOWS\WinSxS\x86_Microsoft.VC90.CRT_1fc8b3b9a1e18e3b_9.0.21022.8_x-ww_d08d0375\MSVCP90.dll
0x02f20000 - 0x02f61000 	C:\WINDOWS\mpfr-vc90-mt.dll

VM Arguments:
jvm_args: -Dfile.encoding=Cp1252 
java_command: eisbot.proxy.ExampleAIClient
Launcher Type: SUN_STANDARD

Environment Variables:
PATH=C:/Program Files/Java/jre7/bin/client;C:/Program Files/Java/jre7/bin;C:/Program Files/Java/jre7/lib/i386;C:\WINDOWS\system32;C:\WINDOWS;C:\WINDOWS\System32\Wbem;C:\Documents and Settings\Owner\Desktop\ecplise\eclipse;
USERNAME=Owner
OS=Windows_NT
PROCESSOR_IDENTIFIER=x86 Family 6 Model 42 Stepping 7, GenuineIntel



---------------  S Y S T E M  ---------------

OS: Windows XP Build 2600 Service Pack 3

CPU:total 2 (2 cores per cpu, 1 threads per core) family 6 model 42 stepping 7, cmov, cx8, fxsr, mmx, sse, sse2, sse3, ssse3, sse4.1, sse4.2, popcnt

Memory: 4k page, physical 3145192k(2115824k free), swap 5076456k(4085736k free)

vm_info: Java HotSpot(TM) Client VM (22.0-b10) for windows-x86 JRE (1.7.0_02-b13), built on Nov 17 2011 17:17:32 by "java_re" with unknown MS VC++:1600

time: Mon Jan 30 20:01:08 2012
elapsed time: 47 seconds

